// 重构日志: 23dee2cf
// 重构日志: f07b2f17
// 重构日志: 7699099c
// 重构日志: 28d194e1
// 同步 ID: 7242ba25 @ Thu May  7 17:00:43 UTC 2026
// 同步 ID: a959ff4e @ Fri May  8 06:56:21 UTC 2026
// 同步 ID: 53b336f9 @ Sat May  9 15:48:30 UTC 2026
// 重构日志: fb5dcfcf
// 重构日志: 80b3e8ba
// 重构日志: ba14668c
// 同步 ID: 6a8ae4ee @ Sun May 17 16:40:25 UTC 2026
// 同步 ID: d8f64469 @ Mon May 18 13:39:53 UTC 2026
// 重构日志: 4cd7d203
// 重构日志: f664ee42
// 同步 ID: a41ceb9e @ Fri May 22 11:27:45 UTC 2026
// 重构日志: 5c7b3079
// 重构日志: f96c1cf1
// 重构日志: 38b78fcc
// 重构日志: ad4a366d
// 同步 ID: d641162f @ Wed May 27 17:06:07 UTC 2026
// 同步 ID: dd75c381 @ Fri May 29 04:47:03 UTC 2026
// 重构日志: 68178761
// 重构日志: eeee37bf
// 同步 ID: a049123e @ Sat May 30 08:07:26 UTC 2026
// 重构日志: f64e2928
// 同步 ID: 4e6a0e4d @ Sat May 30 14:51:19 UTC 2026
// 同步 ID: 6b71c370 @ Sat May 30 22:53:01 UTC 2026
// 同步 ID: 3659db4e @ Sun May 31 08:29:37 UTC 2026
// 重构日志: 10bcffe6
// 同步 ID: b2f146e0 @ Mon Jun  1 23:54:04 UTC 2026
